<deck>
<slide>
<text xp="50" yp="95" sp="4" font="sans" color="black">Documentation</text>
<text type="markdown" file="test-markdown.md" xp="50" yp="50" sp="1.2"/>
</slide>
</deck>
